{
  "stats": {
    "suites": 1,
    "tests": 1,
    "passes": 1,
    "pending": 0,
    "failures": 0,
    "start": "2025-08-06T17:17:59.035Z",
    "end": "2025-08-06T17:18:10.232Z",
    "duration": 11197,
    "testsRegistered": 1,
    "passPercent": 100,
    "pendingPercent": 0,
    "other": 0,
    "hasOther": false,
    "skipped": 0,
    "hasSkipped": false
  },
  "results": [
    {
      "uuid": "39baa9ac-bf1c-4fb9-9e1a-3ebbb7762904",
      "title": "",
      "fullFile": "cypress\\e2e\\open_savings_account.cy.js",
      "file": "cypress\\e2e\\open_savings_account.cy.js",
      "beforeHooks": [],
      "afterHooks": [],
      "tests": [],
      "suites": [
        {
          "uuid": "0aab986d-f52f-41fa-8cb0-f69a67e3288e",
          "title": "Open savings Account – UI + API",
          "fullFile": "",
          "file": "",
          "beforeHooks": [],
          "afterHooks": [],
          "tests": [
            {
              "title": "should open a SAVINGS account and verify it in UI and API",
              "fullTitle": "Open savings Account – UI + API should open a SAVINGS account and verify it in UI and API",
              "timedOut": null,
              "duration": 11161,
              "state": "passed",
              "speed": "slow",
              "pass": true,
              "fail": false,
              "pending": false,
              "context": null,
              "code": "(0, _utils.openNewAccount)('SAVINGS').then(accountId => {\n  cy.contains('Accounts Overview').click();\n  cy.get('#accountTable').find('tbody tr').contains('a', accountId).click();\n  cy.contains('Account Details').should('be.visible');\n  cy.contains('SAVINGS').should('be.visible');\n  cy.contains(accountId).should('be.visible');\n  cy.request({\n    method: 'GET',\n    url: `/parabank/services/bank/accounts/${accountId}`,\n    headers: {\n      accept: 'application/json'\n    }\n  }).then(res => {\n    expect(res.status).to.eq(200);\n    expect(res.body).to.have.property('id', Number(accountId));\n    expect(res.body).to.have.property('type', 'SAVINGS');\n  });\n});",
              "err": {},
              "uuid": "801abd7c-eaa5-4959-bb4b-9163c242c99e",
              "parentUUID": "0aab986d-f52f-41fa-8cb0-f69a67e3288e",
              "isHook": false,
              "skipped": false
            }
          ],
          "suites": [],
          "passes": [
            "801abd7c-eaa5-4959-bb4b-9163c242c99e"
          ],
          "failures": [],
          "pending": [],
          "skipped": [],
          "duration": 11161,
          "root": false,
          "rootEmpty": false,
          "_timeout": 2000
        }
      ],
      "passes": [],
      "failures": [],
      "pending": [],
      "skipped": [],
      "duration": 0,
      "root": true,
      "rootEmpty": true,
      "_timeout": 2000
    }
  ],
  "meta": {
    "mocha": {
      "version": "7.2.0"
    },
    "mochawesome": {
      "options": {
        "quiet": false,
        "reportFilename": "mochawesome",
        "saveHtml": true,
        "saveJson": true,
        "consoleReporter": "spec",
        "useInlineDiffs": false,
        "code": true
      },
      "version": "7.1.3"
    },
    "marge": {
      "options": {
        "reportDir": "cypress/reports/mochawesome",
        "overwrite": false,
        "html": true,
        "json": true
      },
      "version": "6.2.0"
    }
  }
}