{
  "stats": {
    "suites": 1,
    "tests": 3,
    "passes": 1,
    "pending": 0,
    "failures": 2,
    "start": "2025-08-06T17:17:26.066Z",
    "end": "2025-08-06T17:17:57.322Z",
    "duration": 31256,
    "testsRegistered": 3,
    "passPercent": 33.33333333333333,
    "pendingPercent": 0,
    "other": 0,
    "hasOther": false,
    "skipped": 0,
    "hasSkipped": false
  },
  "results": [
    {
      "uuid": "55968933-6c22-4479-9ea5-a5ce47012eb0",
      "title": "",
      "fullFile": "cypress\\e2e\\loan_request.cy.js",
      "file": "cypress\\e2e\\loan_request.cy.js",
      "beforeHooks": [],
      "afterHooks": [],
      "tests": [],
      "suites": [
        {
          "uuid": "5a3b6900-1104-4d86-bdb3-d32e3af7228a",
          "title": "Loan Request – Partial Required Field – UI + API",
          "fullFile": "",
          "file": "",
          "beforeHooks": [],
          "afterHooks": [],
          "tests": [
            {
              "title": "should allow loan request with only Loan Amount filled",
              "fullTitle": "Loan Request – Partial Required Field – UI + API should allow loan request with only Loan Amount filled",
              "timedOut": null,
              "duration": 10294,
              "state": "failed",
              "speed": null,
              "pass": false,
              "fail": true,
              "pending": false,
              "context": null,
              "code": "(0, _utils.getFirstAccountId)().then(fromAccountId => {\n  (0, _utils.submitLoanRequest)({\n    loanAmount: 5000,\n    downPayment: '',\n    fromAccountId\n  });\n  cy.contains('Loan Request Processed').should('be.visible');\n  cy.contains('Congratulations').should('be.visible');\n});",
              "err": {
                "message": "AssertionError: expected 400 to equal 200",
                "estack": "AssertionError: expected 400 to equal 200\n    at Context.eval (webpack://testautomation_hu/./cypress/support/utils.js:33:52)\n    at getRet (https://parabank.parasoft.com/__cypress/runner/cypress_runner.js:120949:20)\n    at tryCatcher (https://parabank.parasoft.com/__cypress/runner/cypress_runner.js:1777:23)\n    at Promise.attempt.Promise.try (https://parabank.parasoft.com/__cypress/runner/cypress_runner.js:4285:29)\n    at Context.thenFn (https://parabank.parasoft.com/__cypress/runner/cypress_runner.js:120960:66)\n    at Context.then (https://parabank.parasoft.com/__cypress/runner/cypress_runner.js:121211:21)",
                "diff": "- 400\n+ 200\n"
              },
              "uuid": "455f1802-7aa8-45a0-830d-6d6a6df26035",
              "parentUUID": "5a3b6900-1104-4d86-bdb3-d32e3af7228a",
              "isHook": false,
              "skipped": false
            },
            {
              "title": "should allow loan request with only Down Payment filled",
              "fullTitle": "Loan Request – Partial Required Field – UI + API should allow loan request with only Down Payment filled",
              "timedOut": null,
              "duration": 9937,
              "state": "failed",
              "speed": null,
              "pass": false,
              "fail": true,
              "pending": false,
              "context": null,
              "code": "(0, _utils.getFirstAccountId)().then(fromAccountId => {\n  (0, _utils.submitLoanRequest)({\n    loanAmount: '',\n    downPayment: 500,\n    fromAccountId\n  });\n  cy.contains('Loan Request Processed').should('be.visible');\n  cy.contains('Congratulations').should('be.visible');\n});",
              "err": {
                "message": "AssertionError: expected 400 to equal 200",
                "estack": "AssertionError: expected 400 to equal 200\n    at Context.eval (webpack://testautomation_hu/./cypress/support/utils.js:33:52)\n    at getRet (https://parabank.parasoft.com/__cypress/runner/cypress_runner.js:120949:20)\n    at tryCatcher (https://parabank.parasoft.com/__cypress/runner/cypress_runner.js:1777:23)\n    at Promise.attempt.Promise.try (https://parabank.parasoft.com/__cypress/runner/cypress_runner.js:4285:29)\n    at Context.thenFn (https://parabank.parasoft.com/__cypress/runner/cypress_runner.js:120960:66)\n    at Context.then (https://parabank.parasoft.com/__cypress/runner/cypress_runner.js:121211:21)",
                "diff": "- 400\n+ 200\n"
              },
              "uuid": "ff74b719-1376-4593-b010-accdcf60d295",
              "parentUUID": "5a3b6900-1104-4d86-bdb3-d32e3af7228a",
              "isHook": false,
              "skipped": false
            },
            {
              "title": "should allow loan request with Loan amount and Down Payment filled",
              "fullTitle": "Loan Request – Partial Required Field – UI + API should allow loan request with Loan amount and Down Payment filled",
              "timedOut": null,
              "duration": 10836,
              "state": "passed",
              "speed": "slow",
              "pass": true,
              "fail": false,
              "pending": false,
              "context": null,
              "code": "(0, _utils.getFirstAccountId)().then(fromAccountId => {\n  (0, _utils.submitLoanRequest)({\n    loanAmount: 5000,\n    downPayment: 500,\n    fromAccountId\n  });\n  cy.contains('Loan Request Processed').should('be.visible');\n  cy.contains('Congratulations').should('be.visible');\n});",
              "err": {},
              "uuid": "896865db-f855-4148-a2fd-2cf46a80ec1b",
              "parentUUID": "5a3b6900-1104-4d86-bdb3-d32e3af7228a",
              "isHook": false,
              "skipped": false
            }
          ],
          "suites": [],
          "passes": [
            "896865db-f855-4148-a2fd-2cf46a80ec1b"
          ],
          "failures": [
            "455f1802-7aa8-45a0-830d-6d6a6df26035",
            "ff74b719-1376-4593-b010-accdcf60d295"
          ],
          "pending": [],
          "skipped": [],
          "duration": 31067,
          "root": false,
          "rootEmpty": false,
          "_timeout": 2000
        }
      ],
      "passes": [],
      "failures": [],
      "pending": [],
      "skipped": [],
      "duration": 0,
      "root": true,
      "rootEmpty": true,
      "_timeout": 2000
    }
  ],
  "meta": {
    "mocha": {
      "version": "7.2.0"
    },
    "mochawesome": {
      "options": {
        "quiet": false,
        "reportFilename": "mochawesome",
        "saveHtml": true,
        "saveJson": true,
        "consoleReporter": "spec",
        "useInlineDiffs": false,
        "code": true
      },
      "version": "7.1.3"
    },
    "marge": {
      "options": {
        "reportDir": "cypress/reports/mochawesome",
        "overwrite": false,
        "html": true,
        "json": true
      },
      "version": "6.2.0"
    }
  }
}